<?xml version="1.0" encoding="UTF-8"?>
<coverage generated="1680378752480" clover="3.2.0">
  <project timestamp="1680378752480" name="All files">
    <metrics statements="288" coveredstatements="265" conditionals="165" coveredconditionals="118" methods="66" coveredmethods="61" elements="519" coveredelements="444" complexity="0" loc="288" ncloc="288" packages="1" files="8" classes="8"/>
    <file name="dialog.js" path="/home/lionel/src/olpc/sugarizer/v2/js/dialog.js">
      <metrics statements="6" coveredstatements="6" conditionals="2" coveredconditionals="1" methods="4" coveredmethods="4"/>
      <line num="15" count="1" type="stmt"/>
      <line num="45" count="8" type="stmt"/>
      <line num="51" count="1" type="stmt"/>
      <line num="54" count="1" type="stmt"/>
      <line num="57" count="1" type="stmt"/>
      <line num="62" count="1" type="cond" truecount="1" falsecount="1"/>
    </file>
    <file name="filterbox.js" path="/home/lionel/src/olpc/sugarizer/v2/js/filterbox.js">
      <metrics statements="24" coveredstatements="22" conditionals="24" coveredconditionals="17" methods="4" coveredmethods="4"/>
      <line num="10" count="1" type="stmt"/>
      <line num="11" count="1" type="stmt"/>
      <line num="61" count="11" type="stmt"/>
      <line num="73" count="3" type="stmt"/>
      <line num="74" count="3" type="stmt"/>
      <line num="78" count="6" type="stmt"/>
      <line num="81" count="6" type="cond" truecount="4" falsecount="0"/>
      <line num="82" count="2" type="stmt"/>
      <line num="83" count="2" type="stmt"/>
      <line num="87" count="4" type="cond" truecount="2" falsecount="2"/>
      <line num="88" count="0" type="stmt"/>
      <line num="89" count="0" type="stmt"/>
      <line num="92" count="4" type="cond" truecount="6" falsecount="0"/>
      <line num="93" count="3" type="stmt"/>
      <line num="94" count="3" type="stmt"/>
      <line num="95" count="3" type="stmt"/>
      <line num="99" count="1" type="stmt"/>
      <line num="100" count="1" type="cond" truecount="1" falsecount="1"/>
      <line num="101" count="1" type="stmt"/>
      <line num="102" count="1" type="stmt"/>
      <line num="104" count="1" type="stmt"/>
      <line num="105" count="1" type="stmt"/>
      <line num="106" count="1" type="stmt"/>
      <line num="111" count="1" type="cond" truecount="1" falsecount="1"/>
    </file>
    <file name="icon.js" path="/home/lionel/src/olpc/sugarizer/v2/js/icon.js">
      <metrics statements="99" coveredstatements="87" conditionals="57" coveredconditionals="42" methods="21" coveredmethods="18"/>
      <line num="19" count="6" type="stmt"/>
      <line num="24" count="102" type="stmt"/>
      <line num="37" count="102" type="stmt"/>
      <line num="38" count="102" type="cond" truecount="2" falsecount="0"/>
      <line num="39" count="4" type="stmt"/>
      <line num="40" count="4" type="stmt"/>
      <line num="46" count="102" type="cond" truecount="2" falsecount="0"/>
      <line num="47" count="98" type="stmt"/>
      <line num="52" count="106" type="cond" truecount="2" falsecount="0"/>
      <line num="53" count="3" type="stmt"/>
      <line num="57" count="4" type="cond" truecount="1" falsecount="1"/>
      <line num="58" count="4" type="stmt"/>
      <line num="59" count="4" type="stmt"/>
      <line num="60" count="4" type="cond" truecount="1" falsecount="1"/>
      <line num="61" count="0" type="stmt"/>
      <line num="63" count="4" type="cond" truecount="2" falsecount="0"/>
      <line num="64" count="3" type="cond" truecount="1" falsecount="1"/>
      <line num="65" count="3" type="stmt"/>
      <line num="68" count="4" type="stmt"/>
      <line num="69" count="4" type="stmt"/>
      <line num="70" count="4" type="stmt"/>
      <line num="75" count="2" type="stmt"/>
      <line num="76" count="2" type="stmt"/>
      <line num="79" count="2" type="stmt"/>
      <line num="80" count="2" type="stmt"/>
      <line num="83" count="2" type="stmt"/>
      <line num="84" count="2" type="stmt"/>
      <line num="87" count="1" type="stmt"/>
      <line num="88" count="1" type="stmt"/>
      <line num="89" count="1" type="stmt"/>
      <line num="94" count="98" type="cond" truecount="2" falsecount="0"/>
      <line num="95" count="1" type="stmt"/>
      <line num="96" count="97" type="stmt"/>
      <line num="97" count="97" type="cond" truecount="2" falsecount="0"/>
      <line num="98" count="87" type="stmt"/>
      <line num="100" count="10" type="stmt"/>
      <line num="101" count="10" type="stmt"/>
      <line num="102" count="10" type="cond" truecount="1" falsecount="1"/>
      <line num="103" count="10" type="stmt"/>
      <line num="104" count="10" type="stmt"/>
      <line num="105" count="10" type="stmt"/>
      <line num="106" count="10" type="stmt"/>
      <line num="107" count="10" type="stmt"/>
      <line num="108" count="10" type="stmt"/>
      <line num="109" count="10" type="cond" truecount="2" falsecount="0"/>
      <line num="110" count="2" type="stmt"/>
      <line num="111" count="2" type="stmt"/>
      <line num="114" count="8" type="stmt"/>
      <line num="117" count="10" type="stmt"/>
      <line num="119" count="10" type="stmt"/>
      <line num="120" count="10" type="stmt"/>
      <line num="121" count="0" type="cond" truecount="0" falsecount="2"/>
      <line num="122" count="0" type="stmt"/>
      <line num="125" count="10" type="stmt"/>
      <line num="126" count="0" type="stmt"/>
      <line num="127" count="0" type="cond" truecount="0" falsecount="2"/>
      <line num="128" count="0" type="stmt"/>
      <line num="131" count="10" type="stmt"/>
      <line num="132" count="10" type="stmt"/>
      <line num="133" count="10" type="stmt"/>
      <line num="134" count="10" type="stmt"/>
      <line num="136" count="10" type="stmt"/>
      <line num="137" count="10" type="stmt"/>
      <line num="141" count="4" type="stmt"/>
      <line num="142" count="4" type="stmt"/>
      <line num="143" count="4" type="stmt"/>
      <line num="145" count="0" type="stmt"/>
      <line num="151" count="3" type="stmt"/>
      <line num="152" count="3" type="stmt"/>
      <line num="153" count="3" type="stmt"/>
      <line num="156" count="3" type="stmt"/>
      <line num="157" count="3" type="stmt"/>
      <line num="160" count="3" type="stmt"/>
      <line num="161" count="3" type="stmt"/>
      <line num="162" count="3" type="stmt"/>
      <line num="166" count="4" type="stmt"/>
      <line num="167" count="4" type="cond" truecount="2" falsecount="0"/>
      <line num="168" count="3" type="cond" truecount="4" falsecount="1"/>
      <line num="169" count="0" type="stmt"/>
      <line num="171" count="3" type="stmt"/>
      <line num="175" count="4" type="stmt"/>
      <line num="176" count="4" type="cond" truecount="2" falsecount="0"/>
      <line num="178" count="3" type="stmt"/>
      <line num="179" count="3" type="cond" truecount="1" falsecount="1"/>
      <line num="180" count="0" type="stmt"/>
      <line num="181" count="3" type="cond" truecount="1" falsecount="1"/>
      <line num="182" count="0" type="stmt"/>
      <line num="184" count="3" type="stmt"/>
      <line num="185" count="3" type="cond" truecount="1" falsecount="1"/>
      <line num="186" count="0" type="stmt"/>
      <line num="187" count="3" type="cond" truecount="1" falsecount="1"/>
      <line num="188" count="0" type="stmt"/>
      <line num="191" count="3" type="stmt"/>
      <line num="193" count="3" type="stmt"/>
      <line num="194" count="3" type="stmt"/>
      <line num="195" count="3" type="stmt"/>
      <line num="196" count="3" type="cond" truecount="1" falsecount="1"/>
      <line num="197" count="3" type="stmt"/>
      <line num="204" count="6" type="cond" truecount="1" falsecount="1"/>
    </file>
    <file name="iconbutton.js" path="/home/lionel/src/olpc/sugarizer/v2/js/iconbutton.js">
      <metrics statements="8" coveredstatements="8" conditionals="6" coveredconditionals="3" methods="5" coveredmethods="5"/>
      <line num="17" count="1" type="stmt"/>
      <line num="47" count="7" type="stmt"/>
      <line num="56" count="1" type="stmt"/>
      <line num="59" count="1" type="stmt"/>
      <line num="62" count="1" type="stmt"/>
      <line num="63" count="1" type="stmt"/>
      <line num="68" count="1" type="stmt"/>
      <line num="73" count="1" type="cond" truecount="1" falsecount="1"/>
    </file>
    <file name="password.js" path="/home/lionel/src/olpc/sugarizer/v2/js/password.js">
      <metrics statements="78" coveredstatements="78" conditionals="38" coveredconditionals="34" methods="13" coveredmethods="13"/>
      <line num="6" count="1" type="stmt"/>
      <line num="59" count="4" type="stmt"/>
      <line num="138" count="4" type="stmt"/>
      <line num="142" count="9" type="cond" truecount="2" falsecount="0"/>
      <line num="143" count="7" type="stmt"/>
      <line num="145" count="2" type="stmt"/>
      <line num="148" count="16" type="stmt"/>
      <line num="149" count="16" type="stmt"/>
      <line num="150" count="16" type="stmt"/>
      <line num="151" count="160" type="stmt"/>
      <line num="157" count="2" type="stmt"/>
      <line num="158" count="2" type="stmt"/>
      <line num="162" count="5" type="cond" truecount="2" falsecount="0"/>
      <line num="163" count="1" type="stmt"/>
      <line num="166" count="4" type="stmt"/>
      <line num="167" count="5" type="stmt"/>
      <line num="168" count="5" type="stmt"/>
      <line num="169" count="2" type="stmt"/>
      <line num="171" count="5" type="stmt"/>
      <line num="172" count="5" type="stmt"/>
      <line num="173" count="5" type="stmt"/>
      <line num="174" count="5" type="stmt"/>
      <line num="177" count="5" type="stmt"/>
      <line num="178" count="5" type="stmt"/>
      <line num="179" count="5" type="cond" truecount="2" falsecount="0"/>
      <line num="180" count="2" type="cond" truecount="2" falsecount="0"/>
      <line num="181" count="1" type="stmt"/>
      <line num="182" count="1" type="stmt"/>
      <line num="183" count="1" type="stmt"/>
      <line num="185" count="1" type="stmt"/>
      <line num="186" count="1" type="stmt"/>
      <line num="188" count="3" type="cond" truecount="2" falsecount="0"/>
      <line num="189" count="1" type="stmt"/>
      <line num="190" count="1" type="stmt"/>
      <line num="192" count="2" type="cond" truecount="6" falsecount="2"/>
      <line num="193" count="1" type="stmt"/>
      <line num="194" count="1" type="stmt"/>
      <line num="198" count="5" type="cond" truecount="2" falsecount="0"/>
      <line num="199" count="1" type="stmt"/>
      <line num="200" count="4" type="cond" truecount="2" falsecount="0"/>
      <line num="201" count="1" type="stmt"/>
      <line num="202" count="1" type="stmt"/>
      <line num="205" count="3" type="stmt"/>
      <line num="206" count="3" type="stmt"/>
      <line num="207" count="3" type="stmt"/>
      <line num="209" count="3" type="stmt"/>
      <line num="210" count="3" type="stmt"/>
      <line num="211" count="3" type="stmt"/>
      <line num="215" count="4" type="cond" truecount="2" falsecount="0"/>
      <line num="216" count="1" type="stmt"/>
      <line num="217" count="3" type="cond" truecount="2" falsecount="0"/>
      <line num="218" count="2" type="stmt"/>
      <line num="219" count="2" type="stmt"/>
      <line num="221" count="1" type="cond" truecount="1" falsecount="1"/>
      <line num="222" count="1" type="stmt"/>
      <line num="223" count="1" type="stmt"/>
      <line num="227" count="6" type="cond" truecount="2" falsecount="0"/>
      <line num="228" count="1" type="stmt"/>
      <line num="229" count="5" type="cond" truecount="2" falsecount="0"/>
      <line num="230" count="2" type="stmt"/>
      <line num="231" count="2" type="stmt"/>
      <line num="234" count="3" type="stmt"/>
      <line num="235" count="3" type="stmt"/>
      <line num="236" count="3" type="stmt"/>
      <line num="237" count="3" type="stmt"/>
      <line num="238" count="3" type="stmt"/>
      <line num="239" count="3" type="stmt"/>
      <line num="244" count="10" type="stmt"/>
      <line num="245" count="199" type="stmt"/>
      <line num="246" count="199" type="cond" truecount="2" falsecount="0"/>
      <line num="247" count="9" type="stmt"/>
      <line num="250" count="1" type="stmt"/>
      <line num="253" count="18" type="stmt"/>
      <line num="254" count="18" type="stmt"/>
      <line num="255" count="18" type="cond" truecount="2" falsecount="0"/>
      <line num="256" count="12" type="stmt"/>
      <line num="257" count="12" type="stmt"/>
      <line num="263" count="1" type="cond" truecount="1" falsecount="1"/>
    </file>
    <file name="popup.js" path="/home/lionel/src/olpc/sugarizer/v2/js/popup.js">
      <metrics statements="30" coveredstatements="25" conditionals="18" coveredconditionals="10" methods="7" coveredmethods="6"/>
      <line num="11" count="2" type="stmt"/>
      <line num="81" count="21" type="stmt"/>
      <line num="91" count="0" type="stmt"/>
      <line num="92" count="0" type="stmt"/>
      <line num="96" count="14" type="stmt"/>
      <line num="97" count="14" type="cond" truecount="2" falsecount="0"/>
      <line num="98" count="11" type="stmt"/>
      <line num="100" count="11" type="cond" truecount="1" falsecount="1"/>
      <line num="101" count="0" type="stmt"/>
      <line num="103" count="11" type="stmt"/>
      <line num="109" count="4" type="stmt"/>
      <line num="119" count="14" type="cond" truecount="1" falsecount="1"/>
      <line num="120" count="14" type="stmt"/>
      <line num="121" count="14" type="stmt"/>
      <line num="122" count="14" type="stmt"/>
      <line num="133" count="1" type="stmt"/>
      <line num="134" count="1" type="cond" truecount="1" falsecount="1"/>
      <line num="135" count="1" type="stmt"/>
      <line num="136" count="1" type="stmt"/>
      <line num="137" count="1" type="stmt"/>
      <line num="138" count="1" type="stmt"/>
      <line num="139" count="1" type="cond" truecount="2" falsecount="4"/>
      <line num="140" count="0" type="stmt"/>
      <line num="142" count="1" type="stmt"/>
      <line num="144" count="0" type="stmt"/>
      <line num="152" count="2" type="stmt"/>
      <line num="153" count="2" type="stmt"/>
      <line num="154" count="2" type="stmt"/>
      <line num="155" count="2" type="stmt"/>
      <line num="160" count="2" type="cond" truecount="1" falsecount="1"/>
    </file>
    <file name="searchfield.js" path="/home/lionel/src/olpc/sugarizer/v2/js/searchfield.js">
      <metrics statements="15" coveredstatements="15" conditionals="6" coveredconditionals="4" methods="6" coveredmethods="6"/>
      <line num="8" count="2" type="stmt"/>
      <line num="27" count="10" type="stmt"/>
      <line num="35" count="1" type="stmt"/>
      <line num="38" count="3" type="stmt"/>
      <line num="39" count="3" type="cond" truecount="2" falsecount="0"/>
      <line num="40" count="2" type="stmt"/>
      <line num="42" count="1" type="stmt"/>
      <line num="47" count="1" type="stmt"/>
      <line num="48" count="1" type="stmt"/>
      <line num="49" count="1" type="stmt"/>
      <line num="52" count="1" type="stmt"/>
      <line num="53" count="1" type="stmt"/>
      <line num="54" count="1" type="stmt"/>
      <line num="57" count="1" type="stmt"/>
      <line num="62" count="2" type="cond" truecount="1" falsecount="1"/>
    </file>
    <file name="selectbox.js" path="/home/lionel/src/olpc/sugarizer/v2/js/selectbox.js">
      <metrics statements="28" coveredstatements="24" conditionals="14" coveredconditionals="7" methods="6" coveredmethods="5"/>
      <line num="10" count="1" type="stmt"/>
      <line num="43" count="5" type="stmt"/>
      <line num="58" count="0" type="stmt"/>
      <line num="69" count="1" type="cond" truecount="1" falsecount="1"/>
      <line num="70" count="1" type="stmt"/>
      <line num="71" count="1" type="stmt"/>
      <line num="72" count="1" type="stmt"/>
      <line num="76" count="2" type="stmt"/>
      <line num="77" count="2" type="cond" truecount="1" falsecount="1"/>
      <line num="78" count="0" type="stmt"/>
      <line num="83" count="2" type="stmt"/>
      <line num="84" count="10" type="stmt"/>
      <line num="86" count="2" type="stmt"/>
      <line num="91" count="2" type="stmt"/>
      <line num="92" count="2" type="stmt"/>
      <line num="93" count="2" type="stmt"/>
      <line num="94" count="2" type="stmt"/>
      <line num="102" count="2" type="cond" truecount="1" falsecount="1"/>
      <line num="103" count="0" type="stmt"/>
      <line num="104" count="0" type="stmt"/>
      <line num="106" count="2" type="stmt"/>
      <line num="107" count="2" type="stmt"/>
      <line num="108" count="2" type="stmt"/>
      <line num="110" count="2" type="stmt"/>
      <line num="111" count="2" type="stmt"/>
      <line num="112" count="2" type="stmt"/>
      <line num="113" count="2" type="stmt"/>
      <line num="118" count="1" type="cond" truecount="1" falsecount="1"/>
    </file>
  </project>
</coverage>
