{"/home/lionel/src/olpc/sugarizer/v2/js/dialog.js": {"path":"/home/lionel/src/olpc/sugarizer/v2/js/dialog.js","statementMap":{"0":{"start":{"line":15,"column":15},"end":{"line":60,"column":1}},"1":{"start":{"line":45,"column":2},"end":{"line":47,"column":3}},"2":{"start":{"line":51,"column":3},"end":{"line":51,"column":26}},"3":{"start":{"line":54,"column":3},"end":{"line":54,"column":22}},"4":{"start":{"line":57,"column":3},"end":{"line":57,"column":34}},"5":{"start":{"line":62,"column":0},"end":{"line":62,"column":62}},"6":{"start":{"line":62,"column":35},"end":{"line":62,"column":62}}},"fnMap":{"0":{"name":"(anonymous_0)","decl":{"start":{"line":44,"column":1},"end":{"line":44,"column":2}},"loc":{"start":{"line":44,"column":8},"end":{"line":48,"column":2}},"line":44},"1":{"name":"(anonymous_1)","decl":{"start":{"line":50,"column":2},"end":{"line":50,"column":3}},"loc":{"start":{"line":50,"column":18},"end":{"line":52,"column":3}},"line":50},"2":{"name":"(anonymous_2)","decl":{"start":{"line":53,"column":2},"end":{"line":53,"column":3}},"loc":{"start":{"line":53,"column":14},"end":{"line":55,"column":3}},"line":53},"3":{"name":"(anonymous_3)","decl":{"start":{"line":56,"column":2},"end":{"line":56,"column":3}},"loc":{"start":{"line":56,"column":24},"end":{"line":58,"column":3}},"line":56}},"branchMap":{"0":{"loc":{"start":{"line":62,"column":0},"end":{"line":62,"column":62}},"type":"if","locations":[{"start":{"line":62,"column":0},"end":{"line":62,"column":62}},{"start":{},"end":{}}],"line":62}},"s":{"0":1,"1":8,"2":1,"3":1,"4":1,"5":1,"6":1},"f":{"0":8,"1":1,"2":1,"3":1},"b":{"0":[1,0]},"_coverageSchema":"1a1c01bbd47fc00a2c39e90264f33305004495a9","hash":"129217c963eaa7cbef66198c86a2819c925f0e92"}
,"/home/lionel/src/olpc/sugarizer/v2/js/filterbox.js": {"path":"/home/lionel/src/olpc/sugarizer/v2/js/filterbox.js","statementMap":{"0":{"start":{"line":10,"column":25},"end":{"line":10,"column":29}},"1":{"start":{"line":11,"column":17},"end":{"line":109,"column":1}},"2":{"start":{"line":61,"column":2},"end":{"line":69,"column":3}},"3":{"start":{"line":73,"column":3},"end":{"line":73,"column":28}},"4":{"start":{"line":74,"column":3},"end":{"line":74,"column":29}},"5":{"start":{"line":78,"column":18},"end":{"line":78,"column":59}},"6":{"start":{"line":81,"column":3},"end":{"line":84,"column":4}},"7":{"start":{"line":82,"column":4},"end":{"line":82,"column":27}},"8":{"start":{"line":83,"column":4},"end":{"line":83,"column":11}},"9":{"start":{"line":87,"column":3},"end":{"line":90,"column":4}},"10":{"start":{"line":88,"column":4},"end":{"line":88,"column":60}},"11":{"start":{"line":89,"column":4},"end":{"line":89,"column":30}},"12":{"start":{"line":92,"column":3},"end":{"line":96,"column":4}},"13":{"start":{"line":93,"column":4},"end":{"line":93,"column":28}},"14":{"start":{"line":94,"column":4},"end":{"line":94,"column":32}},"15":{"start":{"line":95,"column":4},"end":{"line":95,"column":33}},"16":{"start":{"line":99,"column":13},"end":{"line":99,"column":45}},"17":{"start":{"line":100,"column":3},"end":{"line":103,"column":4}},"18":{"start":{"line":101,"column":4},"end":{"line":101,"column":38}},"19":{"start":{"line":102,"column":4},"end":{"line":102,"column":32}},"20":{"start":{"line":104,"column":3},"end":{"line":104,"column":37}},"21":{"start":{"line":105,"column":3},"end":{"line":105,"column":26}},"22":{"start":{"line":106,"column":3},"end":{"line":106,"column":38}},"23":{"start":{"line":111,"column":0},"end":{"line":111,"column":65}},"24":{"start":{"line":111,"column":35},"end":{"line":111,"column":65}}},"fnMap":{"0":{"name":"(anonymous_0)","decl":{"start":{"line":60,"column":1},"end":{"line":60,"column":2}},"loc":{"start":{"line":60,"column":8},"end":{"line":70,"column":2}},"line":60},"1":{"name":"(anonymous_1)","decl":{"start":{"line":72,"column":2},"end":{"line":72,"column":3}},"loc":{"start":{"line":72,"column":20},"end":{"line":75,"column":3}},"line":72},"2":{"name":"(anonymous_2)","decl":{"start":{"line":76,"column":2},"end":{"line":76,"column":3}},"loc":{"start":{"line":76,"column":18},"end":{"line":97,"column":3}},"line":76},"3":{"name":"(anonymous_3)","decl":{"start":{"line":98,"column":2},"end":{"line":98,"column":3}},"loc":{"start":{"line":98,"column":25},"end":{"line":107,"column":3}},"line":98}},"branchMap":{"0":{"loc":{"start":{"line":62,"column":16},"end":{"line":62,"column":48}},"type":"cond-expr","locations":[{"start":{"line":62,"column":30},"end":{"line":62,"column":42}},{"start":{"line":62,"column":44},"end":{"line":62,"column":48}}],"line":62},"1":{"loc":{"start":{"line":64,"column":10},"end":{"line":64,"column":47}},"type":"cond-expr","locations":[{"start":{"line":64,"column":24},"end":{"line":64,"column":41}},{"start":{"line":64,"column":43},"end":{"line":64,"column":47}}],"line":64},"2":{"loc":{"start":{"line":65,"column":10},"end":{"line":65,"column":47}},"type":"cond-expr","locations":[{"start":{"line":65,"column":24},"end":{"line":65,"column":41}},{"start":{"line":65,"column":43},"end":{"line":65,"column":47}}],"line":65},"3":{"loc":{"start":{"line":81,"column":3},"end":{"line":84,"column":4}},"type":"if","locations":[{"start":{"line":81,"column":3},"end":{"line":84,"column":4}},{"start":{},"end":{}}],"line":81},"4":{"loc":{"start":{"line":81,"column":6},"end":{"line":81,"column":58}},"type":"binary-expr","locations":[{"start":{"line":81,"column":6},"end":{"line":81,"column":25}},{"start":{"line":81,"column":29},"end":{"line":81,"column":58}}],"line":81},"5":{"loc":{"start":{"line":87,"column":3},"end":{"line":90,"column":4}},"type":"if","locations":[{"start":{"line":87,"column":3},"end":{"line":90,"column":4}},{"start":{},"end":{}}],"line":87},"6":{"loc":{"start":{"line":87,"column":6},"end":{"line":87,"column":57}},"type":"binary-expr","locations":[{"start":{"line":87,"column":6},"end":{"line":87,"column":25}},{"start":{"line":87,"column":29},"end":{"line":87,"column":57}}],"line":87},"7":{"loc":{"start":{"line":92,"column":3},"end":{"line":96,"column":4}},"type":"if","locations":[{"start":{"line":92,"column":3},"end":{"line":96,"column":4}},{"start":{},"end":{}}],"line":92},"8":{"loc":{"start":{"line":92,"column":6},"end":{"line":92,"column":126}},"type":"binary-expr","locations":[{"start":{"line":92,"column":6},"end":{"line":92,"column":26}},{"start":{"line":92,"column":30},"end":{"line":92,"column":48}},{"start":{"line":92,"column":52},"end":{"line":92,"column":82}},{"start":{"line":92,"column":86},"end":{"line":92,"column":126}}],"line":92},"9":{"loc":{"start":{"line":100,"column":3},"end":{"line":103,"column":4}},"type":"if","locations":[{"start":{"line":100,"column":3},"end":{"line":103,"column":4}},{"start":{},"end":{}}],"line":100},"10":{"loc":{"start":{"line":111,"column":0},"end":{"line":111,"column":65}},"type":"if","locations":[{"start":{"line":111,"column":0},"end":{"line":111,"column":65}},{"start":{},"end":{}}],"line":111}},"s":{"0":1,"1":1,"2":11,"3":3,"4":3,"5":6,"6":6,"7":2,"8":2,"9":4,"10":0,"11":0,"12":4,"13":3,"14":3,"15":3,"16":1,"17":1,"18":1,"19":1,"20":1,"21":1,"22":1,"23":1,"24":1},"f":{"0":11,"1":3,"2":6,"3":1},"b":{"0":[11,0],"1":[11,0],"2":[11,0],"3":[2,4],"4":[6,2],"5":[0,4],"6":[4,0],"7":[3,1],"8":[4,4,4,4],"9":[1,0],"10":[1,0]},"_coverageSchema":"1a1c01bbd47fc00a2c39e90264f33305004495a9","hash":"a2a01f2bcf716d6e6ca1e50eb776dc91509fb3ff"}
,"/home/lionel/src/olpc/sugarizer/v2/js/icon.js": {"path":"/home/lionel/src/olpc/sugarizer/v2/js/icon.js","statementMap":{"0":{"start":{"line":19,"column":12},"end":{"line":202,"column":1}},"1":{"start":{"line":24,"column":2},"end":{"line":34,"column":3}},"2":{"start":{"line":37,"column":11},"end":{"line":37,"column":15}},"3":{"start":{"line":38,"column":2},"end":{"line":42,"column":3}},"4":{"start":{"line":39,"column":3},"end":{"line":41,"column":6}},"5":{"start":{"line":40,"column":4},"end":{"line":40,"column":16}},"6":{"start":{"line":46,"column":2},"end":{"line":48,"column":3}},"7":{"start":{"line":47,"column":3},"end":{"line":47,"column":65}},"8":{"start":{"line":52,"column":3},"end":{"line":52,"column":36}},"9":{"start":{"line":52,"column":26},"end":{"line":52,"column":36}},"10":{"start":{"line":53,"column":3},"end":{"line":53,"column":51}},"11":{"start":{"line":57,"column":2},"end":{"line":71,"column":3}},"12":{"start":{"line":58,"column":10},"end":{"line":58,"column":14}},"13":{"start":{"line":58,"column":26},"end":{"line":58,"column":30}},"14":{"start":{"line":59,"column":13},"end":{"line":59,"column":28}},"15":{"start":{"line":60,"column":3},"end":{"line":62,"column":4}},"16":{"start":{"line":61,"column":4},"end":{"line":61,"column":16}},"17":{"start":{"line":63,"column":3},"end":{"line":67,"column":4}},"18":{"start":{"line":63,"column":16},"end":{"line":63,"column":17}},"19":{"start":{"line":64,"column":4},"end":{"line":66,"column":5}},"20":{"start":{"line":65,"column":5},"end":{"line":65,"column":32}},"21":{"start":{"line":68,"column":3},"end":{"line":68,"column":23}},"22":{"start":{"line":69,"column":3},"end":{"line":69,"column":34}},"23":{"start":{"line":70,"column":3},"end":{"line":70,"column":32}},"24":{"start":{"line":75,"column":17},"end":{"line":75,"column":30}},"25":{"start":{"line":76,"column":3},"end":{"line":76,"column":54}},"26":{"start":{"line":79,"column":17},"end":{"line":79,"column":30}},"27":{"start":{"line":80,"column":3},"end":{"line":80,"column":72}},"28":{"start":{"line":83,"column":17},"end":{"line":83,"column":30}},"29":{"start":{"line":84,"column":3},"end":{"line":84,"column":72}},"30":{"start":{"line":87,"column":17},"end":{"line":87,"column":30}},"31":{"start":{"line":88,"column":3},"end":{"line":88,"column":47}},"32":{"start":{"line":89,"column":3},"end":{"line":89,"column":48}},"33":{"start":{"line":94,"column":3},"end":{"line":95,"column":16}},"34":{"start":{"line":95,"column":4},"end":{"line":95,"column":16}},"35":{"start":{"line":96,"column":15},"end":{"line":96,"column":47}},"36":{"start":{"line":97,"column":3},"end":{"line":99,"column":4}},"37":{"start":{"line":98,"column":4},"end":{"line":98,"column":16}},"38":{"start":{"line":100,"column":20},"end":{"line":100,"column":81}},"39":{"start":{"line":101,"column":3},"end":{"line":101,"column":54}},"40":{"start":{"line":102,"column":3},"end":{"line":118,"column":4}},"41":{"start":{"line":103,"column":4},"end":{"line":103,"column":48}},"42":{"start":{"line":104,"column":4},"end":{"line":104,"column":49}},"43":{"start":{"line":105,"column":4},"end":{"line":105,"column":82}},"44":{"start":{"line":106,"column":4},"end":{"line":106,"column":68}},"45":{"start":{"line":107,"column":14},"end":{"line":107,"column":25}},"46":{"start":{"line":108,"column":4},"end":{"line":116,"column":5}},"47":{"start":{"line":109,"column":5},"end":{"line":115,"column":6}},"48":{"start":{"line":110,"column":24},"end":{"line":110,"column":34}},"49":{"start":{"line":111,"column":6},"end":{"line":111,"column":81}},"50":{"start":{"line":114,"column":6},"end":{"line":114,"column":54}},"51":{"start":{"line":117,"column":4},"end":{"line":117,"column":22}},"52":{"start":{"line":119,"column":20},"end":{"line":119,"column":75}},"53":{"start":{"line":120,"column":3},"end":{"line":124,"column":5}},"54":{"start":{"line":121,"column":4},"end":{"line":123,"column":5}},"55":{"start":{"line":122,"column":5},"end":{"line":122,"column":26}},"56":{"start":{"line":125,"column":3},"end":{"line":130,"column":5}},"57":{"start":{"line":126,"column":4},"end":{"line":126,"column":34}},"58":{"start":{"line":127,"column":4},"end":{"line":129,"column":5}},"59":{"start":{"line":128,"column":5},"end":{"line":128,"column":20}},"60":{"start":{"line":131,"column":14},"end":{"line":131,"column":29}},"61":{"start":{"line":132,"column":3},"end":{"line":132,"column":46}},"62":{"start":{"line":133,"column":3},"end":{"line":133,"column":40}},"63":{"start":{"line":134,"column":3},"end":{"line":134,"column":30}},"64":{"start":{"line":136,"column":3},"end":{"line":136,"column":38}},"65":{"start":{"line":137,"column":3},"end":{"line":137,"column":34}},"66":{"start":{"line":141,"column":3},"end":{"line":147,"column":6}},"67":{"start":{"line":142,"column":6},"end":{"line":146,"column":7}},"68":{"start":{"line":143,"column":5},"end":{"line":143,"column":28}},"69":{"start":{"line":145,"column":5},"end":{"line":145,"column":19}},"70":{"start":{"line":151,"column":14},"end":{"line":151,"column":17}},"71":{"start":{"line":152,"column":12},"end":{"line":152,"column":16}},"72":{"start":{"line":153,"column":3},"end":{"line":153,"column":50}},"73":{"start":{"line":156,"column":3},"end":{"line":156,"column":62}},"74":{"start":{"line":157,"column":3},"end":{"line":157,"column":58}},"75":{"start":{"line":160,"column":3},"end":{"line":160,"column":67}},"76":{"start":{"line":161,"column":3},"end":{"line":161,"column":99}},"77":{"start":{"line":162,"column":3},"end":{"line":162,"column":14}},"78":{"start":{"line":166,"column":17},"end":{"line":166,"column":28}},"79":{"start":{"line":167,"column":3},"end":{"line":172,"column":4}},"80":{"start":{"line":168,"column":4},"end":{"line":170,"column":5}},"81":{"start":{"line":169,"column":5},"end":{"line":169,"column":25}},"82":{"start":{"line":171,"column":4},"end":{"line":171,"column":52}},"83":{"start":{"line":175,"column":17},"end":{"line":175,"column":28}},"84":{"start":{"line":176,"column":3},"end":{"line":199,"column":4}},"85":{"start":{"line":178,"column":17},"end":{"line":178,"column":63}},"86":{"start":{"line":179,"column":4},"end":{"line":183,"column":5}},"87":{"start":{"line":180,"column":5},"end":{"line":180,"column":17}},"88":{"start":{"line":181,"column":11},"end":{"line":183,"column":5}},"89":{"start":{"line":182,"column":5},"end":{"line":182,"column":69}},"90":{"start":{"line":184,"column":18},"end":{"line":184,"column":82}},"91":{"start":{"line":185,"column":4},"end":{"line":189,"column":5}},"92":{"start":{"line":186,"column":5},"end":{"line":186,"column":18}},"93":{"start":{"line":187,"column":11},"end":{"line":189,"column":5}},"94":{"start":{"line":188,"column":5},"end":{"line":188,"column":71}},"95":{"start":{"line":191,"column":4},"end":{"line":191,"column":75}},"96":{"start":{"line":193,"column":4},"end":{"line":193,"column":45}},"97":{"start":{"line":194,"column":4},"end":{"line":194,"column":46}},"98":{"start":{"line":195,"column":4},"end":{"line":195,"column":65}},"99":{"start":{"line":196,"column":4},"end":{"line":198,"column":5}},"100":{"start":{"line":197,"column":5},"end":{"line":197,"column":64}},"101":{"start":{"line":204,"column":0},"end":{"line":204,"column":60}},"102":{"start":{"line":204,"column":35},"end":{"line":204,"column":60}}},"fnMap":{"0":{"name":"(anonymous_0)","decl":{"start":{"line":23,"column":1},"end":{"line":23,"column":2}},"loc":{"start":{"line":23,"column":8},"end":{"line":35,"column":2}},"line":23},"1":{"name":"(anonymous_1)","decl":{"start":{"line":36,"column":1},"end":{"line":36,"column":2}},"loc":{"start":{"line":36,"column":17},"end":{"line":43,"column":2}},"line":36},"2":{"name":"(anonymous_2)","decl":{"start":{"line":39,"column":43},"end":{"line":39,"column":44}},"loc":{"start":{"line":39,"column":57},"end":{"line":41,"column":4}},"line":39},"3":{"name":"(anonymous_3)","decl":{"start":{"line":44,"column":1},"end":{"line":44,"column":2}},"loc":{"start":{"line":44,"column":11},"end":{"line":49,"column":2}},"line":44},"4":{"name":"(anonymous_4)","decl":{"start":{"line":51,"column":10},"end":{"line":51,"column":11}},"loc":{"start":{"line":51,"column":21},"end":{"line":54,"column":3}},"line":51},"5":{"name":"(anonymous_5)","decl":{"start":{"line":56,"column":10},"end":{"line":56,"column":11}},"loc":{"start":{"line":56,"column":21},"end":{"line":72,"column":2}},"line":56},"6":{"name":"(anonymous_6)","decl":{"start":{"line":74,"column":13},"end":{"line":74,"column":14}},"loc":{"start":{"line":74,"column":42},"end":{"line":77,"column":3}},"line":74},"7":{"name":"(anonymous_7)","decl":{"start":{"line":78,"column":9},"end":{"line":78,"column":10}},"loc":{"start":{"line":78,"column":30},"end":{"line":81,"column":3}},"line":78},"8":{"name":"(anonymous_8)","decl":{"start":{"line":82,"column":9},"end":{"line":82,"column":10}},"loc":{"start":{"line":82,"column":30},"end":{"line":85,"column":3}},"line":82},"9":{"name":"(anonymous_9)","decl":{"start":{"line":86,"column":12},"end":{"line":86,"column":13}},"loc":{"start":{"line":86,"column":39},"end":{"line":90,"column":3}},"line":86},"10":{"name":"(anonymous_10)","decl":{"start":{"line":93,"column":2},"end":{"line":93,"column":3}},"loc":{"start":{"line":93,"column":46},"end":{"line":138,"column":3}},"line":93},"11":{"name":"(anonymous_11)","decl":{"start":{"line":108,"column":17},"end":{"line":108,"column":18}},"loc":{"start":{"line":108,"column":28},"end":{"line":116,"column":5}},"line":108},"12":{"name":"(anonymous_12)","decl":{"start":{"line":120,"column":39},"end":{"line":120,"column":40}},"loc":{"start":{"line":120,"column":50},"end":{"line":124,"column":4}},"line":120},"13":{"name":"(anonymous_13)","decl":{"start":{"line":125,"column":40},"end":{"line":125,"column":41}},"loc":{"start":{"line":125,"column":51},"end":{"line":130,"column":4}},"line":125},"14":{"name":"(anonymous_14)","decl":{"start":{"line":140,"column":2},"end":{"line":140,"column":3}},"loc":{"start":{"line":140,"column":23},"end":{"line":148,"column":3}},"line":140},"15":{"name":"(anonymous_15)","decl":{"start":{"line":141,"column":22},"end":{"line":141,"column":23}},"loc":{"start":{"line":141,"column":48},"end":{"line":147,"column":4}},"line":141},"16":{"name":"(anonymous_16)","decl":{"start":{"line":142,"column":26},"end":{"line":142,"column":27}},"loc":{"start":{"line":142,"column":45},"end":{"line":144,"column":5}},"line":142},"17":{"name":"(anonymous_17)","decl":{"start":{"line":144,"column":13},"end":{"line":144,"column":14}},"loc":{"start":{"line":144,"column":29},"end":{"line":146,"column":5}},"line":144},"18":{"name":"(anonymous_18)","decl":{"start":{"line":149,"column":2},"end":{"line":149,"column":3}},"loc":{"start":{"line":149,"column":23},"end":{"line":163,"column":3}},"line":149},"19":{"name":"(anonymous_19)","decl":{"start":{"line":165,"column":2},"end":{"line":165,"column":3}},"loc":{"start":{"line":165,"column":23},"end":{"line":173,"column":3}},"line":165},"20":{"name":"(anonymous_20)","decl":{"start":{"line":174,"column":2},"end":{"line":174,"column":3}},"loc":{"start":{"line":174,"column":21},"end":{"line":200,"column":3}},"line":174}},"branchMap":{"0":{"loc":{"start":{"line":27,"column":20},"end":{"line":27,"column":54}},"type":"cond-expr","locations":[{"start":{"line":27,"column":43},"end":{"line":27,"column":47}},{"start":{"line":27,"column":49},"end":{"line":27,"column":54}}],"line":27},"1":{"loc":{"start":{"line":29,"column":13},"end":{"line":29,"column":37}},"type":"cond-expr","locations":[{"start":{"line":29,"column":24},"end":{"line":29,"column":33}},{"start":{"line":29,"column":35},"end":{"line":29,"column":37}}],"line":29},"2":{"loc":{"start":{"line":30,"column":14},"end":{"line":30,"column":41}},"type":"cond-expr","locations":[{"start":{"line":30,"column":26},"end":{"line":30,"column":36}},{"start":{"line":30,"column":38},"end":{"line":30,"column":41}}],"line":30},"3":{"loc":{"start":{"line":31,"column":10},"end":{"line":31,"column":28}},"type":"cond-expr","locations":[{"start":{"line":31,"column":19},"end":{"line":31,"column":25}},{"start":{"line":31,"column":27},"end":{"line":31,"column":28}}],"line":31},"4":{"loc":{"start":{"line":32,"column":10},"end":{"line":32,"column":28}},"type":"cond-expr","locations":[{"start":{"line":32,"column":19},"end":{"line":32,"column":25}},{"start":{"line":32,"column":27},"end":{"line":32,"column":28}}],"line":32},"5":{"loc":{"start":{"line":38,"column":2},"end":{"line":42,"column":3}},"type":"if","locations":[{"start":{"line":38,"column":2},"end":{"line":42,"column":3}},{"start":{},"end":{}}],"line":38},"6":{"loc":{"start":{"line":46,"column":2},"end":{"line":48,"column":3}},"type":"if","locations":[{"start":{"line":46,"column":2},"end":{"line":48,"column":3}},{"start":{},"end":{}}],"line":46},"7":{"loc":{"start":{"line":52,"column":3},"end":{"line":52,"column":36}},"type":"if","locations":[{"start":{"line":52,"column":3},"end":{"line":52,"column":36}},{"start":{},"end":{}}],"line":52},"8":{"loc":{"start":{"line":57,"column":2},"end":{"line":71,"column":3}},"type":"if","locations":[{"start":{"line":57,"column":2},"end":{"line":71,"column":3}},{"start":{},"end":{}}],"line":57},"9":{"loc":{"start":{"line":60,"column":3},"end":{"line":62,"column":4}},"type":"if","locations":[{"start":{"line":60,"column":3},"end":{"line":62,"column":4}},{"start":{},"end":{}}],"line":60},"10":{"loc":{"start":{"line":63,"column":20},"end":{"line":63,"column":56}},"type":"binary-expr","locations":[{"start":{"line":63,"column":20},"end":{"line":63,"column":44}},{"start":{"line":63,"column":48},"end":{"line":63,"column":56}}],"line":63},"11":{"loc":{"start":{"line":64,"column":4},"end":{"line":66,"column":5}},"type":"if","locations":[{"start":{"line":64,"column":4},"end":{"line":66,"column":5}},{"start":{},"end":{}}],"line":64},"12":{"loc":{"start":{"line":94,"column":3},"end":{"line":95,"column":16}},"type":"if","locations":[{"start":{"line":94,"column":3},"end":{"line":95,"column":16}},{"start":{},"end":{}}],"line":94},"13":{"loc":{"start":{"line":97,"column":3},"end":{"line":99,"column":4}},"type":"if","locations":[{"start":{"line":97,"column":3},"end":{"line":99,"column":4}},{"start":{},"end":{}}],"line":97},"14":{"loc":{"start":{"line":102,"column":3},"end":{"line":118,"column":4}},"type":"if","locations":[{"start":{"line":102,"column":3},"end":{"line":118,"column":4}},{"start":{},"end":{}}],"line":102},"15":{"loc":{"start":{"line":109,"column":5},"end":{"line":115,"column":6}},"type":"if","locations":[{"start":{"line":109,"column":5},"end":{"line":115,"column":6}},{"start":{"line":113,"column":10},"end":{"line":115,"column":6}}],"line":109},"16":{"loc":{"start":{"line":121,"column":4},"end":{"line":123,"column":5}},"type":"if","locations":[{"start":{"line":121,"column":4},"end":{"line":123,"column":5}},{"start":{},"end":{}}],"line":121},"17":{"loc":{"start":{"line":127,"column":4},"end":{"line":129,"column":5}},"type":"if","locations":[{"start":{"line":127,"column":4},"end":{"line":129,"column":5}},{"start":{},"end":{}}],"line":127},"18":{"loc":{"start":{"line":167,"column":3},"end":{"line":172,"column":4}},"type":"if","locations":[{"start":{"line":167,"column":3},"end":{"line":172,"column":4}},{"start":{},"end":{}}],"line":167},"19":{"loc":{"start":{"line":168,"column":4},"end":{"line":170,"column":5}},"type":"if","locations":[{"start":{"line":168,"column":4},"end":{"line":170,"column":5}},{"start":{},"end":{}}],"line":168},"20":{"loc":{"start":{"line":168,"column":8},"end":{"line":168,"column":51}},"type":"binary-expr","locations":[{"start":{"line":168,"column":8},"end":{"line":168,"column":19}},{"start":{"line":168,"column":23},"end":{"line":168,"column":35}},{"start":{"line":168,"column":39},"end":{"line":168,"column":51}}],"line":168},"21":{"loc":{"start":{"line":176,"column":3},"end":{"line":199,"column":4}},"type":"if","locations":[{"start":{"line":176,"column":3},"end":{"line":199,"column":4}},{"start":{},"end":{}}],"line":176},"22":{"loc":{"start":{"line":179,"column":4},"end":{"line":183,"column":5}},"type":"if","locations":[{"start":{"line":179,"column":4},"end":{"line":183,"column":5}},{"start":{"line":181,"column":11},"end":{"line":183,"column":5}}],"line":179},"23":{"loc":{"start":{"line":181,"column":11},"end":{"line":183,"column":5}},"type":"if","locations":[{"start":{"line":181,"column":11},"end":{"line":183,"column":5}},{"start":{},"end":{}}],"line":181},"24":{"loc":{"start":{"line":185,"column":4},"end":{"line":189,"column":5}},"type":"if","locations":[{"start":{"line":185,"column":4},"end":{"line":189,"column":5}},{"start":{"line":187,"column":11},"end":{"line":189,"column":5}}],"line":185},"25":{"loc":{"start":{"line":187,"column":11},"end":{"line":189,"column":5}},"type":"if","locations":[{"start":{"line":187,"column":11},"end":{"line":189,"column":5}},{"start":{},"end":{}}],"line":187},"26":{"loc":{"start":{"line":196,"column":4},"end":{"line":198,"column":5}},"type":"if","locations":[{"start":{"line":196,"column":4},"end":{"line":198,"column":5}},{"start":{},"end":{}}],"line":196},"27":{"loc":{"start":{"line":204,"column":0},"end":{"line":204,"column":60}},"type":"if","locations":[{"start":{"line":204,"column":0},"end":{"line":204,"column":60}},{"start":{},"end":{}}],"line":204}},"s":{"0":6,"1":102,"2":102,"3":102,"4":4,"5":4,"6":102,"7":98,"8":106,"9":103,"10":3,"11":4,"12":4,"13":4,"14":4,"15":4,"16":0,"17":4,"18":4,"19":3,"20":3,"21":4,"22":4,"23":4,"24":2,"25":2,"26":2,"27":2,"28":2,"29":2,"30":1,"31":1,"32":1,"33":98,"34":1,"35":97,"36":97,"37":87,"38":10,"39":10,"40":10,"41":10,"42":10,"43":10,"44":10,"45":10,"46":10,"47":10,"48":2,"49":2,"50":8,"51":10,"52":10,"53":10,"54":0,"55":0,"56":10,"57":0,"58":0,"59":0,"60":10,"61":10,"62":10,"63":10,"64":10,"65":10,"66":4,"67":4,"68":4,"69":0,"70":3,"71":3,"72":3,"73":3,"74":3,"75":3,"76":3,"77":3,"78":4,"79":4,"80":3,"81":0,"82":3,"83":4,"84":4,"85":3,"86":3,"87":0,"88":3,"89":0,"90":3,"91":3,"92":0,"93":3,"94":0,"95":3,"96":3,"97":3,"98":3,"99":3,"100":3,"101":6,"102":6},"f":{"0":102,"1":102,"2":4,"3":102,"4":106,"5":4,"6":2,"7":2,"8":2,"9":1,"10":98,"11":10,"12":0,"13":0,"14":4,"15":4,"16":4,"17":0,"18":3,"19":4,"20":4},"b":{"0":[4,98],"1":[100,2],"2":[100,2],"3":[20,82],"4":[20,82],"5":[4,98],"6":[98,4],"7":[103,3],"8":[4,0],"9":[0,4],"10":[7,3],"11":[3,0],"12":[1,97],"13":[87,10],"14":[10,0],"15":[2,8],"16":[0,0],"17":[0,0],"18":[3,1],"19":[0,3],"20":[3,1,1],"21":[3,1],"22":[0,3],"23":[0,3],"24":[0,3],"25":[0,3],"26":[3,0],"27":[6,0]},"_coverageSchema":"1a1c01bbd47fc00a2c39e90264f33305004495a9","hash":"711318bfa53b17cbe78544c3924746124b19782a"}
,"/home/lionel/src/olpc/sugarizer/v2/js/iconbutton.js": {"path":"/home/lionel/src/olpc/sugarizer/v2/js/iconbutton.js","statementMap":{"0":{"start":{"line":17,"column":18},"end":{"line":71,"column":1}},"1":{"start":{"line":47,"column":2},"end":{"line":52,"column":3}},"2":{"start":{"line":56,"column":3},"end":{"line":56,"column":26}},"3":{"start":{"line":59,"column":3},"end":{"line":59,"column":29}},"4":{"start":{"line":62,"column":3},"end":{"line":62,"column":25}},"5":{"start":{"line":63,"column":3},"end":{"line":63,"column":41}},"6":{"start":{"line":68,"column":3},"end":{"line":68,"column":28}},"7":{"start":{"line":73,"column":0},"end":{"line":73,"column":66}},"8":{"start":{"line":73,"column":35},"end":{"line":73,"column":66}}},"fnMap":{"0":{"name":"(anonymous_0)","decl":{"start":{"line":46,"column":1},"end":{"line":46,"column":2}},"loc":{"start":{"line":46,"column":8},"end":{"line":53,"column":2}},"line":46},"1":{"name":"(anonymous_1)","decl":{"start":{"line":55,"column":12},"end":{"line":55,"column":13}},"loc":{"start":{"line":55,"column":39},"end":{"line":57,"column":3}},"line":55},"2":{"name":"(anonymous_2)","decl":{"start":{"line":58,"column":16},"end":{"line":58,"column":17}},"loc":{"start":{"line":58,"column":41},"end":{"line":60,"column":3}},"line":58},"3":{"name":"(anonymous_3)","decl":{"start":{"line":61,"column":12},"end":{"line":61,"column":13}},"loc":{"start":{"line":61,"column":39},"end":{"line":64,"column":3}},"line":61},"4":{"name":"(anonymous_4)","decl":{"start":{"line":67,"column":2},"end":{"line":67,"column":3}},"loc":{"start":{"line":67,"column":18},"end":{"line":69,"column":3}},"line":67}},"branchMap":{"0":{"loc":{"start":{"line":49,"column":13},"end":{"line":49,"column":37}},"type":"cond-expr","locations":[{"start":{"line":49,"column":24},"end":{"line":49,"column":33}},{"start":{"line":49,"column":35},"end":{"line":49,"column":37}}],"line":49},"1":{"loc":{"start":{"line":50,"column":17},"end":{"line":50,"column":52}},"type":"cond-expr","locations":[{"start":{"line":50,"column":32},"end":{"line":50,"column":45}},{"start":{"line":50,"column":47},"end":{"line":50,"column":52}}],"line":50},"2":{"loc":{"start":{"line":73,"column":0},"end":{"line":73,"column":66}},"type":"if","locations":[{"start":{"line":73,"column":0},"end":{"line":73,"column":66}},{"start":{},"end":{}}],"line":73}},"s":{"0":1,"1":7,"2":1,"3":1,"4":1,"5":1,"6":1,"7":1,"8":1},"f":{"0":7,"1":1,"2":1,"3":1,"4":1},"b":{"0":[7,0],"1":[0,7],"2":[1,0]},"_coverageSchema":"1a1c01bbd47fc00a2c39e90264f33305004495a9","hash":"c8f06137b7b77fd486fbb519b5797e024cd96966"}
,"/home/lionel/src/olpc/sugarizer/v2/js/password.js": {"path":"/home/lionel/src/olpc/sugarizer/v2/js/password.js","statementMap":{"0":{"start":{"line":6,"column":16},"end":{"line":261,"column":1}},"1":{"start":{"line":59,"column":2},"end":{"line":135,"column":3}},"2":{"start":{"line":138,"column":2},"end":{"line":138,"column":23}},"3":{"start":{"line":142,"column":3},"end":{"line":145,"column":26}},"4":{"start":{"line":143,"column":4},"end":{"line":143,"column":25}},"5":{"start":{"line":145,"column":4},"end":{"line":145,"column":26}},"6":{"start":{"line":148,"column":9},"end":{"line":148,"column":10}},"7":{"start":{"line":149,"column":3},"end":{"line":149,"column":29}},"8":{"start":{"line":150,"column":3},"end":{"line":152,"column":4}},"9":{"start":{"line":150,"column":16},"end":{"line":150,"column":22}},"10":{"start":{"line":151,"column":4},"end":{"line":151,"column":46}},"11":{"start":{"line":157,"column":3},"end":{"line":157,"column":24}},"12":{"start":{"line":158,"column":3},"end":{"line":158,"column":24}},"13":{"start":{"line":162,"column":3},"end":{"line":166,"column":22}},"14":{"start":{"line":163,"column":4},"end":{"line":163,"column":33}},"15":{"start":{"line":166,"column":4},"end":{"line":166,"column":22}},"16":{"start":{"line":167,"column":3},"end":{"line":167,"column":40}},"17":{"start":{"line":168,"column":3},"end":{"line":170,"column":11}},"18":{"start":{"line":169,"column":4},"end":{"line":169,"column":44}},"19":{"start":{"line":171,"column":3},"end":{"line":171,"column":31}},"20":{"start":{"line":172,"column":13},"end":{"line":172,"column":38}},"21":{"start":{"line":173,"column":3},"end":{"line":173,"column":52}},"22":{"start":{"line":174,"column":3},"end":{"line":174,"column":98}},"23":{"start":{"line":177,"column":12},"end":{"line":177,"column":17}},"24":{"start":{"line":178,"column":16},"end":{"line":178,"column":25}},"25":{"start":{"line":179,"column":3},"end":{"line":195,"column":4}},"26":{"start":{"line":180,"column":4},"end":{"line":181,"column":12}},"27":{"start":{"line":181,"column":5},"end":{"line":181,"column":12}},"28":{"start":{"line":182,"column":13},"end":{"line":182,"column":58}},"29":{"start":{"line":183,"column":4},"end":{"line":183,"column":83}},"30":{"start":{"line":185,"column":20},"end":{"line":185,"column":100}},"31":{"start":{"line":186,"column":4},"end":{"line":186,"column":68}},"32":{"start":{"line":188,"column":8},"end":{"line":195,"column":4}},"33":{"start":{"line":189,"column":4},"end":{"line":189,"column":47}},"34":{"start":{"line":190,"column":4},"end":{"line":190,"column":25}},"35":{"start":{"line":192,"column":8},"end":{"line":195,"column":4}},"36":{"start":{"line":193,"column":4},"end":{"line":193,"column":44}},"37":{"start":{"line":194,"column":4},"end":{"line":194,"column":90}},"38":{"start":{"line":198,"column":3},"end":{"line":199,"column":11}},"39":{"start":{"line":199,"column":4},"end":{"line":199,"column":11}},"40":{"start":{"line":200,"column":3},"end":{"line":212,"column":4}},"41":{"start":{"line":201,"column":4},"end":{"line":201,"column":24}},"42":{"start":{"line":202,"column":4},"end":{"line":202,"column":49}},"43":{"start":{"line":205,"column":4},"end":{"line":205,"column":46}},"44":{"start":{"line":206,"column":4},"end":{"line":206,"column":49}},"45":{"start":{"line":207,"column":4},"end":{"line":207,"column":38}},"46":{"start":{"line":209,"column":4},"end":{"line":209,"column":48}},"47":{"start":{"line":210,"column":4},"end":{"line":210,"column":48}},"48":{"start":{"line":211,"column":4},"end":{"line":211,"column":48}},"49":{"start":{"line":215,"column":3},"end":{"line":216,"column":11}},"50":{"start":{"line":216,"column":4},"end":{"line":216,"column":11}},"51":{"start":{"line":217,"column":3},"end":{"line":224,"column":4}},"52":{"start":{"line":218,"column":4},"end":{"line":218,"column":25}},"53":{"start":{"line":219,"column":4},"end":{"line":219,"column":49}},"54":{"start":{"line":221,"column":8},"end":{"line":224,"column":4}},"55":{"start":{"line":222,"column":4},"end":{"line":222,"column":25}},"56":{"start":{"line":223,"column":4},"end":{"line":223,"column":49}},"57":{"start":{"line":227,"column":3},"end":{"line":240,"column":4}},"58":{"start":{"line":228,"column":4},"end":{"line":228,"column":11}},"59":{"start":{"line":229,"column":8},"end":{"line":240,"column":4}},"60":{"start":{"line":230,"column":4},"end":{"line":230,"column":25}},"61":{"start":{"line":231,"column":4},"end":{"line":231,"column":49}},"62":{"start":{"line":234,"column":4},"end":{"line":234,"column":46}},"63":{"start":{"line":235,"column":4},"end":{"line":235,"column":49}},"64":{"start":{"line":236,"column":4},"end":{"line":236,"column":38}},"65":{"start":{"line":237,"column":4},"end":{"line":237,"column":45}},"66":{"start":{"line":238,"column":4},"end":{"line":238,"column":48}},"67":{"start":{"line":239,"column":4},"end":{"line":239,"column":48}},"68":{"start":{"line":244,"column":3},"end":{"line":249,"column":4}},"69":{"start":{"line":244,"column":16},"end":{"line":244,"column":17}},"70":{"start":{"line":245,"column":15},"end":{"line":245,"column":33}},"71":{"start":{"line":246,"column":4},"end":{"line":248,"column":5}},"72":{"start":{"line":247,"column":5},"end":{"line":247,"column":28}},"73":{"start":{"line":250,"column":3},"end":{"line":250,"column":13}},"74":{"start":{"line":253,"column":3},"end":{"line":253,"column":65}},"75":{"start":{"line":254,"column":3},"end":{"line":254,"column":66}},"76":{"start":{"line":255,"column":3},"end":{"line":258,"column":4}},"77":{"start":{"line":256,"column":4},"end":{"line":256,"column":60}},"78":{"start":{"line":257,"column":4},"end":{"line":257,"column":65}},"79":{"start":{"line":263,"column":0},"end":{"line":263,"column":64}},"80":{"start":{"line":263,"column":35},"end":{"line":263,"column":64}}},"fnMap":{"0":{"name":"(anonymous_0)","decl":{"start":{"line":58,"column":1},"end":{"line":58,"column":2}},"loc":{"start":{"line":58,"column":8},"end":{"line":136,"column":2}},"line":58},"1":{"name":"(anonymous_1)","decl":{"start":{"line":137,"column":1},"end":{"line":137,"column":2}},"loc":{"start":{"line":137,"column":11},"end":{"line":139,"column":2}},"line":137},"2":{"name":"(anonymous_2)","decl":{"start":{"line":141,"column":17},"end":{"line":141,"column":18}},"loc":{"start":{"line":141,"column":42},"end":{"line":146,"column":3}},"line":141},"3":{"name":"(anonymous_3)","decl":{"start":{"line":147,"column":16},"end":{"line":147,"column":17}},"loc":{"start":{"line":147,"column":33},"end":{"line":153,"column":3}},"line":147},"4":{"name":"(anonymous_4)","decl":{"start":{"line":156,"column":2},"end":{"line":156,"column":3}},"loc":{"start":{"line":156,"column":18},"end":{"line":159,"column":3}},"line":156},"5":{"name":"(anonymous_5)","decl":{"start":{"line":160,"column":2},"end":{"line":160,"column":3}},"loc":{"start":{"line":160,"column":25},"end":{"line":175,"column":3}},"line":160},"6":{"name":"(anonymous_6)","decl":{"start":{"line":168,"column":14},"end":{"line":168,"column":15}},"loc":{"start":{"line":168,"column":20},"end":{"line":170,"column":4}},"line":168},"7":{"name":"(anonymous_7)","decl":{"start":{"line":176,"column":2},"end":{"line":176,"column":3}},"loc":{"start":{"line":176,"column":16},"end":{"line":196,"column":3}},"line":176},"8":{"name":"(anonymous_8)","decl":{"start":{"line":197,"column":2},"end":{"line":197,"column":3}},"loc":{"start":{"line":197,"column":21},"end":{"line":213,"column":3}},"line":197},"9":{"name":"(anonymous_9)","decl":{"start":{"line":214,"column":2},"end":{"line":214,"column":3}},"loc":{"start":{"line":214,"column":21},"end":{"line":225,"column":3}},"line":214},"10":{"name":"(anonymous_10)","decl":{"start":{"line":226,"column":2},"end":{"line":226,"column":3}},"loc":{"start":{"line":226,"column":21},"end":{"line":241,"column":3}},"line":226},"11":{"name":"(anonymous_11)","decl":{"start":{"line":243,"column":2},"end":{"line":243,"column":3}},"loc":{"start":{"line":243,"column":24},"end":{"line":251,"column":3}},"line":243},"12":{"name":"(anonymous_12)","decl":{"start":{"line":252,"column":2},"end":{"line":252,"column":3}},"loc":{"start":{"line":252,"column":48},"end":{"line":259,"column":3}},"line":252}},"branchMap":{"0":{"loc":{"start":{"line":142,"column":3},"end":{"line":145,"column":26}},"type":"if","locations":[{"start":{"line":142,"column":3},"end":{"line":145,"column":26}},{"start":{"line":145,"column":4},"end":{"line":145,"column":26}}],"line":142},"1":{"loc":{"start":{"line":162,"column":3},"end":{"line":166,"column":22}},"type":"if","locations":[{"start":{"line":162,"column":3},"end":{"line":166,"column":22}},{"start":{"line":166,"column":4},"end":{"line":166,"column":22}}],"line":162},"2":{"loc":{"start":{"line":179,"column":3},"end":{"line":195,"column":4}},"type":"if","locations":[{"start":{"line":179,"column":3},"end":{"line":195,"column":4}},{"start":{"line":188,"column":8},"end":{"line":195,"column":4}}],"line":179},"3":{"loc":{"start":{"line":180,"column":4},"end":{"line":181,"column":12}},"type":"if","locations":[{"start":{"line":180,"column":4},"end":{"line":181,"column":12}},{"start":{},"end":{}}],"line":180},"4":{"loc":{"start":{"line":188,"column":8},"end":{"line":195,"column":4}},"type":"if","locations":[{"start":{"line":188,"column":8},"end":{"line":195,"column":4}},{"start":{"line":192,"column":8},"end":{"line":195,"column":4}}],"line":188},"5":{"loc":{"start":{"line":192,"column":8},"end":{"line":195,"column":4}},"type":"if","locations":[{"start":{"line":192,"column":8},"end":{"line":195,"column":4}},{"start":{},"end":{}}],"line":192},"6":{"loc":{"start":{"line":192,"column":11},"end":{"line":192,"column":97}},"type":"binary-expr","locations":[{"start":{"line":192,"column":12},"end":{"line":192,"column":22}},{"start":{"line":192,"column":26},"end":{"line":192,"column":36}},{"start":{"line":192,"column":41},"end":{"line":192,"column":51}},{"start":{"line":192,"column":55},"end":{"line":192,"column":66}},{"start":{"line":192,"column":72},"end":{"line":192,"column":82}},{"start":{"line":192,"column":86},"end":{"line":192,"column":96}}],"line":192},"7":{"loc":{"start":{"line":198,"column":3},"end":{"line":199,"column":11}},"type":"if","locations":[{"start":{"line":198,"column":3},"end":{"line":199,"column":11}},{"start":{},"end":{}}],"line":198},"8":{"loc":{"start":{"line":200,"column":3},"end":{"line":212,"column":4}},"type":"if","locations":[{"start":{"line":200,"column":3},"end":{"line":212,"column":4}},{"start":{"line":204,"column":8},"end":{"line":212,"column":4}}],"line":200},"9":{"loc":{"start":{"line":215,"column":3},"end":{"line":216,"column":11}},"type":"if","locations":[{"start":{"line":215,"column":3},"end":{"line":216,"column":11}},{"start":{},"end":{}}],"line":215},"10":{"loc":{"start":{"line":217,"column":3},"end":{"line":224,"column":4}},"type":"if","locations":[{"start":{"line":217,"column":3},"end":{"line":224,"column":4}},{"start":{"line":221,"column":8},"end":{"line":224,"column":4}}],"line":217},"11":{"loc":{"start":{"line":221,"column":8},"end":{"line":224,"column":4}},"type":"if","locations":[{"start":{"line":221,"column":8},"end":{"line":224,"column":4}},{"start":{},"end":{}}],"line":221},"12":{"loc":{"start":{"line":227,"column":3},"end":{"line":240,"column":4}},"type":"if","locations":[{"start":{"line":227,"column":3},"end":{"line":240,"column":4}},{"start":{"line":229,"column":8},"end":{"line":240,"column":4}}],"line":227},"13":{"loc":{"start":{"line":229,"column":8},"end":{"line":240,"column":4}},"type":"if","locations":[{"start":{"line":229,"column":8},"end":{"line":240,"column":4}},{"start":{"line":233,"column":8},"end":{"line":240,"column":4}}],"line":229},"14":{"loc":{"start":{"line":246,"column":4},"end":{"line":248,"column":5}},"type":"if","locations":[{"start":{"line":246,"column":4},"end":{"line":248,"column":5}},{"start":{},"end":{}}],"line":246},"15":{"loc":{"start":{"line":255,"column":3},"end":{"line":258,"column":4}},"type":"if","locations":[{"start":{"line":255,"column":3},"end":{"line":258,"column":4}},{"start":{},"end":{}}],"line":255},"16":{"loc":{"start":{"line":263,"column":0},"end":{"line":263,"column":64}},"type":"if","locations":[{"start":{"line":263,"column":0},"end":{"line":263,"column":64}},{"start":{},"end":{}}],"line":263}},"s":{"0":1,"1":4,"2":4,"3":9,"4":7,"5":2,"6":16,"7":16,"8":16,"9":16,"10":160,"11":2,"12":2,"13":5,"14":1,"15":4,"16":5,"17":5,"18":2,"19":5,"20":5,"21":5,"22":5,"23":5,"24":5,"25":5,"26":2,"27":1,"28":1,"29":1,"30":1,"31":1,"32":3,"33":1,"34":1,"35":2,"36":1,"37":1,"38":5,"39":1,"40":4,"41":1,"42":1,"43":3,"44":3,"45":3,"46":3,"47":3,"48":3,"49":4,"50":1,"51":3,"52":2,"53":2,"54":1,"55":1,"56":1,"57":6,"58":1,"59":5,"60":2,"61":2,"62":3,"63":3,"64":3,"65":3,"66":3,"67":3,"68":10,"69":10,"70":199,"71":199,"72":9,"73":1,"74":18,"75":18,"76":18,"77":12,"78":12,"79":1,"80":1},"f":{"0":4,"1":4,"2":9,"3":16,"4":2,"5":5,"6":2,"7":5,"8":5,"9":4,"10":6,"11":10,"12":18},"b":{"0":[7,2],"1":[1,4],"2":[2,3],"3":[1,1],"4":[1,2],"5":[1,1],"6":[2,1,1,0,1,0],"7":[1,4],"8":[1,3],"9":[1,3],"10":[2,1],"11":[1,0],"12":[1,5],"13":[2,3],"14":[9,190],"15":[12,6],"16":[1,0]},"_coverageSchema":"1a1c01bbd47fc00a2c39e90264f33305004495a9","hash":"98b4b47d7d27e7657084f27854f8ffb972e54135"}
,"/home/lionel/src/olpc/sugarizer/v2/js/popup.js": {"path":"/home/lionel/src/olpc/sugarizer/v2/js/popup.js","statementMap":{"0":{"start":{"line":11,"column":13},"end":{"line":158,"column":1}},"1":{"start":{"line":81,"column":2},"end":{"line":87,"column":3}},"2":{"start":{"line":91,"column":3},"end":{"line":91,"column":26}},"3":{"start":{"line":92,"column":3},"end":{"line":92,"column":31}},"4":{"start":{"line":96,"column":11},"end":{"line":96,"column":31}},"5":{"start":{"line":97,"column":2},"end":{"line":105,"column":3}},"6":{"start":{"line":98,"column":15},"end":{"line":98,"column":63}},"7":{"start":{"line":100,"column":3},"end":{"line":104,"column":4}},"8":{"start":{"line":101,"column":4},"end":{"line":101,"column":91}},"9":{"start":{"line":103,"column":4},"end":{"line":103,"column":80}},"10":{"start":{"line":109,"column":3},"end":{"line":109,"column":36}},"11":{"start":{"line":119,"column":3},"end":{"line":119,"column":27}},"12":{"start":{"line":119,"column":20},"end":{"line":119,"column":27}},"13":{"start":{"line":120,"column":3},"end":{"line":120,"column":17}},"14":{"start":{"line":121,"column":3},"end":{"line":121,"column":17}},"15":{"start":{"line":122,"column":3},"end":{"line":122,"column":22}},"16":{"start":{"line":133,"column":12},"end":{"line":133,"column":32}},"17":{"start":{"line":134,"column":3},"end":{"line":144,"column":17}},"18":{"start":{"line":135,"column":19},"end":{"line":135,"column":29}},"19":{"start":{"line":136,"column":19},"end":{"line":136,"column":47}},"20":{"start":{"line":137,"column":19},"end":{"line":137,"column":32}},"21":{"start":{"line":138,"column":19},"end":{"line":138,"column":48}},"22":{"start":{"line":139,"column":4},"end":{"line":142,"column":18}},"23":{"start":{"line":140,"column":5},"end":{"line":140,"column":17}},"24":{"start":{"line":142,"column":5},"end":{"line":142,"column":18}},"25":{"start":{"line":144,"column":4},"end":{"line":144,"column":17}},"26":{"start":{"line":152,"column":3},"end":{"line":152,"column":23}},"27":{"start":{"line":153,"column":3},"end":{"line":153,"column":23}},"28":{"start":{"line":154,"column":3},"end":{"line":154,"column":20}},"29":{"start":{"line":155,"column":3},"end":{"line":155,"column":20}},"30":{"start":{"line":160,"column":0},"end":{"line":160,"column":61}},"31":{"start":{"line":160,"column":35},"end":{"line":160,"column":61}}},"fnMap":{"0":{"name":"(anonymous_0)","decl":{"start":{"line":80,"column":1},"end":{"line":80,"column":2}},"loc":{"start":{"line":80,"column":8},"end":{"line":88,"column":2}},"line":80},"1":{"name":"(anonymous_1)","decl":{"start":{"line":90,"column":8},"end":{"line":90,"column":9}},"loc":{"start":{"line":90,"column":40},"end":{"line":93,"column":3}},"line":90},"2":{"name":"(anonymous_2)","decl":{"start":{"line":95,"column":10},"end":{"line":95,"column":11}},"loc":{"start":{"line":95,"column":21},"end":{"line":106,"column":2}},"line":95},"3":{"name":"(anonymous_3)","decl":{"start":{"line":108,"column":2},"end":{"line":108,"column":3}},"loc":{"start":{"line":108,"column":21},"end":{"line":110,"column":3}},"line":108},"4":{"name":"(anonymous_4)","decl":{"start":{"line":118,"column":2},"end":{"line":118,"column":3}},"loc":{"start":{"line":118,"column":13},"end":{"line":123,"column":3}},"line":118},"5":{"name":"(anonymous_5)","decl":{"start":{"line":132,"column":2},"end":{"line":132,"column":3}},"loc":{"start":{"line":132,"column":23},"end":{"line":145,"column":3}},"line":132},"6":{"name":"(anonymous_6)","decl":{"start":{"line":151,"column":2},"end":{"line":151,"column":3}},"loc":{"start":{"line":151,"column":9},"end":{"line":156,"column":3}},"line":151}},"branchMap":{"0":{"loc":{"start":{"line":82,"column":13},"end":{"line":82,"column":39}},"type":"cond-expr","locations":[{"start":{"line":82,"column":24},"end":{"line":82,"column":33}},{"start":{"line":82,"column":35},"end":{"line":82,"column":39}}],"line":82},"1":{"loc":{"start":{"line":97,"column":2},"end":{"line":105,"column":3}},"type":"if","locations":[{"start":{"line":97,"column":2},"end":{"line":105,"column":3}},{"start":{},"end":{}}],"line":97},"2":{"loc":{"start":{"line":100,"column":3},"end":{"line":104,"column":4}},"type":"if","locations":[{"start":{"line":100,"column":3},"end":{"line":104,"column":4}},{"start":{"line":102,"column":10},"end":{"line":104,"column":4}}],"line":100},"3":{"loc":{"start":{"line":119,"column":3},"end":{"line":119,"column":27}},"type":"if","locations":[{"start":{"line":119,"column":3},"end":{"line":119,"column":27}},{"start":{},"end":{}}],"line":119},"4":{"loc":{"start":{"line":134,"column":3},"end":{"line":144,"column":17}},"type":"if","locations":[{"start":{"line":134,"column":3},"end":{"line":144,"column":17}},{"start":{"line":144,"column":4},"end":{"line":144,"column":17}}],"line":134},"5":{"loc":{"start":{"line":139,"column":4},"end":{"line":142,"column":18}},"type":"if","locations":[{"start":{"line":139,"column":4},"end":{"line":142,"column":18}},{"start":{"line":142,"column":5},"end":{"line":142,"column":18}}],"line":139},"6":{"loc":{"start":{"line":139,"column":8},"end":{"line":139,"column":69}},"type":"binary-expr","locations":[{"start":{"line":139,"column":8},"end":{"line":139,"column":21}},{"start":{"line":139,"column":25},"end":{"line":139,"column":37}},{"start":{"line":139,"column":41},"end":{"line":139,"column":53}},{"start":{"line":139,"column":57},"end":{"line":139,"column":69}}],"line":139},"7":{"loc":{"start":{"line":160,"column":0},"end":{"line":160,"column":61}},"type":"if","locations":[{"start":{"line":160,"column":0},"end":{"line":160,"column":61}},{"start":{},"end":{}}],"line":160}},"s":{"0":2,"1":21,"2":0,"3":0,"4":14,"5":14,"6":11,"7":11,"8":0,"9":11,"10":4,"11":14,"12":0,"13":14,"14":14,"15":14,"16":1,"17":1,"18":1,"19":1,"20":1,"21":1,"22":1,"23":0,"24":1,"25":0,"26":2,"27":2,"28":2,"29":2,"30":2,"31":2},"f":{"0":21,"1":0,"2":14,"3":4,"4":14,"5":1,"6":2},"b":{"0":[20,1],"1":[11,3],"2":[0,11],"3":[0,14],"4":[1,0],"5":[0,1],"6":[1,0,0,0],"7":[2,0]},"_coverageSchema":"1a1c01bbd47fc00a2c39e90264f33305004495a9","hash":"07f7f2b8eeab695a8595f8f395951760cedfbf22"}
,"/home/lionel/src/olpc/sugarizer/v2/js/searchfield.js": {"path":"/home/lionel/src/olpc/sugarizer/v2/js/searchfield.js","statementMap":{"0":{"start":{"line":8,"column":19},"end":{"line":60,"column":1}},"1":{"start":{"line":27,"column":2},"end":{"line":31,"column":3}},"2":{"start":{"line":35,"column":3},"end":{"line":35,"column":32}},"3":{"start":{"line":38,"column":3},"end":{"line":38,"column":35}},"4":{"start":{"line":39,"column":3},"end":{"line":42,"column":26}},"5":{"start":{"line":40,"column":4},"end":{"line":40,"column":25}},"6":{"start":{"line":42,"column":4},"end":{"line":42,"column":26}},"7":{"start":{"line":47,"column":17},"end":{"line":47,"column":39}},"8":{"start":{"line":48,"column":3},"end":{"line":48,"column":59}},"9":{"start":{"line":49,"column":3},"end":{"line":49,"column":54}},"10":{"start":{"line":52,"column":17},"end":{"line":52,"column":39}},"11":{"start":{"line":53,"column":3},"end":{"line":53,"column":57}},"12":{"start":{"line":54,"column":3},"end":{"line":54,"column":56}},"13":{"start":{"line":57,"column":3},"end":{"line":57,"column":22}},"14":{"start":{"line":62,"column":0},"end":{"line":62,"column":67}},"15":{"start":{"line":62,"column":35},"end":{"line":62,"column":67}}},"fnMap":{"0":{"name":"(anonymous_0)","decl":{"start":{"line":26,"column":1},"end":{"line":26,"column":2}},"loc":{"start":{"line":26,"column":8},"end":{"line":32,"column":2}},"line":26},"1":{"name":"(anonymous_1)","decl":{"start":{"line":34,"column":19},"end":{"line":34,"column":20}},"loc":{"start":{"line":34,"column":46},"end":{"line":36,"column":3}},"line":34},"2":{"name":"(anonymous_2)","decl":{"start":{"line":37,"column":15},"end":{"line":37,"column":16}},"loc":{"start":{"line":37,"column":31},"end":{"line":43,"column":3}},"line":37},"3":{"name":"(anonymous_3)","decl":{"start":{"line":46,"column":2},"end":{"line":46,"column":3}},"loc":{"start":{"line":46,"column":12},"end":{"line":50,"column":3}},"line":46},"4":{"name":"(anonymous_4)","decl":{"start":{"line":51,"column":2},"end":{"line":51,"column":3}},"loc":{"start":{"line":51,"column":11},"end":{"line":55,"column":3}},"line":51},"5":{"name":"(anonymous_5)","decl":{"start":{"line":56,"column":2},"end":{"line":56,"column":3}},"loc":{"start":{"line":56,"column":18},"end":{"line":58,"column":3}},"line":56}},"branchMap":{"0":{"loc":{"start":{"line":28,"column":20},"end":{"line":28,"column":58}},"type":"cond-expr","locations":[{"start":{"line":28,"column":38},"end":{"line":28,"column":54}},{"start":{"line":28,"column":56},"end":{"line":28,"column":58}}],"line":28},"1":{"loc":{"start":{"line":39,"column":3},"end":{"line":42,"column":26}},"type":"if","locations":[{"start":{"line":39,"column":3},"end":{"line":42,"column":26}},{"start":{"line":42,"column":4},"end":{"line":42,"column":26}}],"line":39},"2":{"loc":{"start":{"line":62,"column":0},"end":{"line":62,"column":67}},"type":"if","locations":[{"start":{"line":62,"column":0},"end":{"line":62,"column":67}},{"start":{},"end":{}}],"line":62}},"s":{"0":2,"1":10,"2":1,"3":3,"4":3,"5":2,"6":1,"7":1,"8":1,"9":1,"10":1,"11":1,"12":1,"13":1,"14":2,"15":2},"f":{"0":10,"1":1,"2":3,"3":1,"4":1,"5":1},"b":{"0":[10,0],"1":[2,1],"2":[2,0]},"_coverageSchema":"1a1c01bbd47fc00a2c39e90264f33305004495a9","hash":"cadf472b742f2a528eb55f8ff4ff5c41f9edc910"}
,"/home/lionel/src/olpc/sugarizer/v2/js/selectbox.js": {"path":"/home/lionel/src/olpc/sugarizer/v2/js/selectbox.js","statementMap":{"0":{"start":{"line":10,"column":17},"end":{"line":116,"column":1}},"1":{"start":{"line":43,"column":2},"end":{"line":54,"column":3}},"2":{"start":{"line":58,"column":3},"end":{"line":58,"column":29}},"3":{"start":{"line":69,"column":3},"end":{"line":73,"column":4}},"4":{"start":{"line":70,"column":4},"end":{"line":70,"column":37}},"5":{"start":{"line":71,"column":4},"end":{"line":71,"column":30}},"6":{"start":{"line":72,"column":4},"end":{"line":72,"column":34}},"7":{"start":{"line":76,"column":28},"end":{"line":76,"column":48}},"8":{"start":{"line":77,"column":3},"end":{"line":90,"column":4}},"9":{"start":{"line":78,"column":4},"end":{"line":81,"column":5}},"10":{"start":{"line":83,"column":15},"end":{"line":85,"column":6}},"11":{"start":{"line":84,"column":5},"end":{"line":84,"column":40}},"12":{"start":{"line":86,"column":4},"end":{"line":89,"column":5}},"13":{"start":{"line":91,"column":3},"end":{"line":91,"column":29}},"14":{"start":{"line":92,"column":3},"end":{"line":92,"column":31}},"15":{"start":{"line":93,"column":3},"end":{"line":93,"column":33}},"16":{"start":{"line":94,"column":3},"end":{"line":94,"column":50}},"17":{"start":{"line":102,"column":3},"end":{"line":105,"column":4}},"18":{"start":{"line":103,"column":4},"end":{"line":103,"column":30}},"19":{"start":{"line":104,"column":4},"end":{"line":104,"column":11}},"20":{"start":{"line":106,"column":17},"end":{"line":106,"column":61}},"21":{"start":{"line":107,"column":13},"end":{"line":107,"column":24}},"22":{"start":{"line":108,"column":14},"end":{"line":108,"column":26}},"23":{"start":{"line":110,"column":3},"end":{"line":110,"column":14}},"24":{"start":{"line":111,"column":3},"end":{"line":111,"column":14}},"25":{"start":{"line":112,"column":3},"end":{"line":112,"column":39}},"26":{"start":{"line":113,"column":3},"end":{"line":113,"column":28}},"27":{"start":{"line":118,"column":0},"end":{"line":118,"column":65}},"28":{"start":{"line":118,"column":35},"end":{"line":118,"column":65}}},"fnMap":{"0":{"name":"(anonymous_0)","decl":{"start":{"line":42,"column":1},"end":{"line":42,"column":2}},"loc":{"start":{"line":42,"column":8},"end":{"line":55,"column":2}},"line":42},"1":{"name":"(anonymous_1)","decl":{"start":{"line":57,"column":15},"end":{"line":57,"column":16}},"loc":{"start":{"line":57,"column":42},"end":{"line":59,"column":3}},"line":57},"2":{"name":"(anonymous_2)","decl":{"start":{"line":68,"column":2},"end":{"line":68,"column":3}},"loc":{"start":{"line":68,"column":15},"end":{"line":74,"column":3}},"line":68},"3":{"name":"(anonymous_3)","decl":{"start":{"line":75,"column":2},"end":{"line":75,"column":3}},"loc":{"start":{"line":75,"column":24},"end":{"line":95,"column":3}},"line":75},"4":{"name":"(anonymous_4)","decl":{"start":{"line":83,"column":48},"end":{"line":83,"column":49}},"loc":{"start":{"line":83,"column":58},"end":{"line":85,"column":5}},"line":83},"5":{"name":"(anonymous_5)","decl":{"start":{"line":101,"column":2},"end":{"line":101,"column":3}},"loc":{"start":{"line":101,"column":14},"end":{"line":114,"column":3}},"line":101}},"branchMap":{"0":{"loc":{"start":{"line":44,"column":16},"end":{"line":44,"column":48}},"type":"cond-expr","locations":[{"start":{"line":44,"column":30},"end":{"line":44,"column":42}},{"start":{"line":44,"column":44},"end":{"line":44,"column":48}}],"line":44},"1":{"loc":{"start":{"line":46,"column":10},"end":{"line":46,"column":47}},"type":"cond-expr","locations":[{"start":{"line":46,"column":24},"end":{"line":46,"column":41}},{"start":{"line":46,"column":43},"end":{"line":46,"column":47}}],"line":46},"2":{"loc":{"start":{"line":47,"column":10},"end":{"line":47,"column":47}},"type":"cond-expr","locations":[{"start":{"line":47,"column":24},"end":{"line":47,"column":41}},{"start":{"line":47,"column":43},"end":{"line":47,"column":47}}],"line":47},"3":{"loc":{"start":{"line":69,"column":3},"end":{"line":73,"column":4}},"type":"if","locations":[{"start":{"line":69,"column":3},"end":{"line":73,"column":4}},{"start":{},"end":{}}],"line":69},"4":{"loc":{"start":{"line":77,"column":3},"end":{"line":90,"column":4}},"type":"if","locations":[{"start":{"line":77,"column":3},"end":{"line":90,"column":4}},{"start":{"line":82,"column":10},"end":{"line":90,"column":4}}],"line":77},"5":{"loc":{"start":{"line":102,"column":3},"end":{"line":105,"column":4}},"type":"if","locations":[{"start":{"line":102,"column":3},"end":{"line":105,"column":4}},{"start":{},"end":{}}],"line":102},"6":{"loc":{"start":{"line":118,"column":0},"end":{"line":118,"column":65}},"type":"if","locations":[{"start":{"line":118,"column":0},"end":{"line":118,"column":65}},{"start":{},"end":{}}],"line":118}},"s":{"0":1,"1":5,"2":0,"3":1,"4":1,"5":1,"6":1,"7":2,"8":2,"9":0,"10":2,"11":10,"12":2,"13":2,"14":2,"15":2,"16":2,"17":2,"18":0,"19":0,"20":2,"21":2,"22":2,"23":2,"24":2,"25":2,"26":2,"27":1,"28":1},"f":{"0":5,"1":0,"2":1,"3":2,"4":10,"5":2},"b":{"0":[5,0],"1":[5,0],"2":[5,0],"3":[1,0],"4":[0,2],"5":[0,2],"6":[1,0]},"_coverageSchema":"1a1c01bbd47fc00a2c39e90264f33305004495a9","hash":"23243fef405d8b9249647018caf6dd099702a81f"}
}
