TN:
SF:js/dialog.js
FN:44,(anonymous_0)
FN:50,(anonymous_1)
FN:53,(anonymous_2)
FN:56,(anonymous_3)
FNF:4
FNH:4
FNDA:8,(anonymous_0)
FNDA:1,(anonymous_1)
FNDA:1,(anonymous_2)
FNDA:1,(anonymous_3)
DA:15,1
DA:45,8
DA:51,1
DA:54,1
DA:57,1
DA:62,1
LF:6
LH:6
BRDA:62,0,0,1
BRDA:62,0,1,0
BRF:2
BRH:1
end_of_record
TN:
SF:js/filterbox.js
FN:60,(anonymous_0)
FN:72,(anonymous_1)
FN:76,(anonymous_2)
FN:98,(anonymous_3)
FNF:4
FNH:4
FNDA:11,(anonymous_0)
FNDA:3,(anonymous_1)
FNDA:6,(anonymous_2)
FNDA:1,(anonymous_3)
DA:10,1
DA:11,1
DA:61,11
DA:73,3
DA:74,3
DA:78,6
DA:81,6
DA:82,2
DA:83,2
DA:87,4
DA:88,0
DA:89,0
DA:92,4
DA:93,3
DA:94,3
DA:95,3
DA:99,1
DA:100,1
DA:101,1
DA:102,1
DA:104,1
DA:105,1
DA:106,1
DA:111,1
LF:24
LH:22
BRDA:62,0,0,11
BRDA:62,0,1,0
BRDA:64,1,0,11
BRDA:64,1,1,0
BRDA:65,2,0,11
BRDA:65,2,1,0
BRDA:81,3,0,2
BRDA:81,3,1,4
BRDA:81,4,0,6
BRDA:81,4,1,2
BRDA:87,5,0,0
BRDA:87,5,1,4
BRDA:87,6,0,4
BRDA:87,6,1,0
BRDA:92,7,0,3
BRDA:92,7,1,1
BRDA:92,8,0,4
BRDA:92,8,1,4
BRDA:92,8,2,4
BRDA:92,8,3,4
BRDA:100,9,0,1
BRDA:100,9,1,0
BRDA:111,10,0,1
BRDA:111,10,1,0
BRF:24
BRH:17
end_of_record
TN:
SF:js/icon.js
FN:23,(anonymous_0)
FN:36,(anonymous_1)
FN:39,(anonymous_2)
FN:44,(anonymous_3)
FN:51,(anonymous_4)
FN:56,(anonymous_5)
FN:74,(anonymous_6)
FN:78,(anonymous_7)
FN:82,(anonymous_8)
FN:86,(anonymous_9)
FN:93,(anonymous_10)
FN:108,(anonymous_11)
FN:120,(anonymous_12)
FN:125,(anonymous_13)
FN:140,(anonymous_14)
FN:141,(anonymous_15)
FN:142,(anonymous_16)
FN:144,(anonymous_17)
FN:149,(anonymous_18)
FN:165,(anonymous_19)
FN:174,(anonymous_20)
FNF:21
FNH:18
FNDA:102,(anonymous_0)
FNDA:102,(anonymous_1)
FNDA:4,(anonymous_2)
FNDA:102,(anonymous_3)
FNDA:106,(anonymous_4)
FNDA:4,(anonymous_5)
FNDA:2,(anonymous_6)
FNDA:2,(anonymous_7)
FNDA:2,(anonymous_8)
FNDA:1,(anonymous_9)
FNDA:98,(anonymous_10)
FNDA:10,(anonymous_11)
FNDA:0,(anonymous_12)
FNDA:0,(anonymous_13)
FNDA:4,(anonymous_14)
FNDA:4,(anonymous_15)
FNDA:4,(anonymous_16)
FNDA:0,(anonymous_17)
FNDA:3,(anonymous_18)
FNDA:4,(anonymous_19)
FNDA:4,(anonymous_20)
DA:19,6
DA:24,102
DA:37,102
DA:38,102
DA:39,4
DA:40,4
DA:46,102
DA:47,98
DA:52,106
DA:53,3
DA:57,4
DA:58,4
DA:59,4
DA:60,4
DA:61,0
DA:63,4
DA:64,3
DA:65,3
DA:68,4
DA:69,4
DA:70,4
DA:75,2
DA:76,2
DA:79,2
DA:80,2
DA:83,2
DA:84,2
DA:87,1
DA:88,1
DA:89,1
DA:94,98
DA:95,1
DA:96,97
DA:97,97
DA:98,87
DA:100,10
DA:101,10
DA:102,10
DA:103,10
DA:104,10
DA:105,10
DA:106,10
DA:107,10
DA:108,10
DA:109,10
DA:110,2
DA:111,2
DA:114,8
DA:117,10
DA:119,10
DA:120,10
DA:121,0
DA:122,0
DA:125,10
DA:126,0
DA:127,0
DA:128,0
DA:131,10
DA:132,10
DA:133,10
DA:134,10
DA:136,10
DA:137,10
DA:141,4
DA:142,4
DA:143,4
DA:145,0
DA:151,3
DA:152,3
DA:153,3
DA:156,3
DA:157,3
DA:160,3
DA:161,3
DA:162,3
DA:166,4
DA:167,4
DA:168,3
DA:169,0
DA:171,3
DA:175,4
DA:176,4
DA:178,3
DA:179,3
DA:180,0
DA:181,3
DA:182,0
DA:184,3
DA:185,3
DA:186,0
DA:187,3
DA:188,0
DA:191,3
DA:193,3
DA:194,3
DA:195,3
DA:196,3
DA:197,3
DA:204,6
LF:99
LH:87
BRDA:27,0,0,4
BRDA:27,0,1,98
BRDA:29,1,0,100
BRDA:29,1,1,2
BRDA:30,2,0,100
BRDA:30,2,1,2
BRDA:31,3,0,20
BRDA:31,3,1,82
BRDA:32,4,0,20
BRDA:32,4,1,82
BRDA:38,5,0,4
BRDA:38,5,1,98
BRDA:46,6,0,98
BRDA:46,6,1,4
BRDA:52,7,0,103
BRDA:52,7,1,3
BRDA:57,8,0,4
BRDA:57,8,1,0
BRDA:60,9,0,0
BRDA:60,9,1,4
BRDA:63,10,0,7
BRDA:63,10,1,3
BRDA:64,11,0,3
BRDA:64,11,1,0
BRDA:94,12,0,1
BRDA:94,12,1,97
BRDA:97,13,0,87
BRDA:97,13,1,10
BRDA:102,14,0,10
BRDA:102,14,1,0
BRDA:109,15,0,2
BRDA:109,15,1,8
BRDA:121,16,0,0
BRDA:121,16,1,0
BRDA:127,17,0,0
BRDA:127,17,1,0
BRDA:167,18,0,3
BRDA:167,18,1,1
BRDA:168,19,0,0
BRDA:168,19,1,3
BRDA:168,20,0,3
BRDA:168,20,1,1
BRDA:168,20,2,1
BRDA:176,21,0,3
BRDA:176,21,1,1
BRDA:179,22,0,0
BRDA:179,22,1,3
BRDA:181,23,0,0
BRDA:181,23,1,3
BRDA:185,24,0,0
BRDA:185,24,1,3
BRDA:187,25,0,0
BRDA:187,25,1,3
BRDA:196,26,0,3
BRDA:196,26,1,0
BRDA:204,27,0,6
BRDA:204,27,1,0
BRF:57
BRH:42
end_of_record
TN:
SF:js/iconbutton.js
FN:46,(anonymous_0)
FN:55,(anonymous_1)
FN:58,(anonymous_2)
FN:61,(anonymous_3)
FN:67,(anonymous_4)
FNF:5
FNH:5
FNDA:7,(anonymous_0)
FNDA:1,(anonymous_1)
FNDA:1,(anonymous_2)
FNDA:1,(anonymous_3)
FNDA:1,(anonymous_4)
DA:17,1
DA:47,7
DA:56,1
DA:59,1
DA:62,1
DA:63,1
DA:68,1
DA:73,1
LF:8
LH:8
BRDA:49,0,0,7
BRDA:49,0,1,0
BRDA:50,1,0,0
BRDA:50,1,1,7
BRDA:73,2,0,1
BRDA:73,2,1,0
BRF:6
BRH:3
end_of_record
TN:
SF:js/password.js
FN:58,(anonymous_0)
FN:137,(anonymous_1)
FN:141,(anonymous_2)
FN:147,(anonymous_3)
FN:156,(anonymous_4)
FN:160,(anonymous_5)
FN:168,(anonymous_6)
FN:176,(anonymous_7)
FN:197,(anonymous_8)
FN:214,(anonymous_9)
FN:226,(anonymous_10)
FN:243,(anonymous_11)
FN:252,(anonymous_12)
FNF:13
FNH:13
FNDA:4,(anonymous_0)
FNDA:4,(anonymous_1)
FNDA:9,(anonymous_2)
FNDA:16,(anonymous_3)
FNDA:2,(anonymous_4)
FNDA:5,(anonymous_5)
FNDA:2,(anonymous_6)
FNDA:5,(anonymous_7)
FNDA:5,(anonymous_8)
FNDA:4,(anonymous_9)
FNDA:6,(anonymous_10)
FNDA:10,(anonymous_11)
FNDA:18,(anonymous_12)
DA:6,1
DA:59,4
DA:138,4
DA:142,9
DA:143,7
DA:145,2
DA:148,16
DA:149,16
DA:150,16
DA:151,160
DA:157,2
DA:158,2
DA:162,5
DA:163,1
DA:166,4
DA:167,5
DA:168,5
DA:169,2
DA:171,5
DA:172,5
DA:173,5
DA:174,5
DA:177,5
DA:178,5
DA:179,5
DA:180,2
DA:181,1
DA:182,1
DA:183,1
DA:185,1
DA:186,1
DA:188,3
DA:189,1
DA:190,1
DA:192,2
DA:193,1
DA:194,1
DA:198,5
DA:199,1
DA:200,4
DA:201,1
DA:202,1
DA:205,3
DA:206,3
DA:207,3
DA:209,3
DA:210,3
DA:211,3
DA:215,4
DA:216,1
DA:217,3
DA:218,2
DA:219,2
DA:221,1
DA:222,1
DA:223,1
DA:227,6
DA:228,1
DA:229,5
DA:230,2
DA:231,2
DA:234,3
DA:235,3
DA:236,3
DA:237,3
DA:238,3
DA:239,3
DA:244,10
DA:245,199
DA:246,199
DA:247,9
DA:250,1
DA:253,18
DA:254,18
DA:255,18
DA:256,12
DA:257,12
DA:263,1
LF:78
LH:78
BRDA:142,0,0,7
BRDA:142,0,1,2
BRDA:162,1,0,1
BRDA:162,1,1,4
BRDA:179,2,0,2
BRDA:179,2,1,3
BRDA:180,3,0,1
BRDA:180,3,1,1
BRDA:188,4,0,1
BRDA:188,4,1,2
BRDA:192,5,0,1
BRDA:192,5,1,1
BRDA:192,6,0,2
BRDA:192,6,1,1
BRDA:192,6,2,1
BRDA:192,6,3,0
BRDA:192,6,4,1
BRDA:192,6,5,0
BRDA:198,7,0,1
BRDA:198,7,1,4
BRDA:200,8,0,1
BRDA:200,8,1,3
BRDA:215,9,0,1
BRDA:215,9,1,3
BRDA:217,10,0,2
BRDA:217,10,1,1
BRDA:221,11,0,1
BRDA:221,11,1,0
BRDA:227,12,0,1
BRDA:227,12,1,5
BRDA:229,13,0,2
BRDA:229,13,1,3
BRDA:246,14,0,9
BRDA:246,14,1,190
BRDA:255,15,0,12
BRDA:255,15,1,6
BRDA:263,16,0,1
BRDA:263,16,1,0
BRF:38
BRH:34
end_of_record
TN:
SF:js/popup.js
FN:80,(anonymous_0)
FN:90,(anonymous_1)
FN:95,(anonymous_2)
FN:108,(anonymous_3)
FN:118,(anonymous_4)
FN:132,(anonymous_5)
FN:151,(anonymous_6)
FNF:7
FNH:6
FNDA:21,(anonymous_0)
FNDA:0,(anonymous_1)
FNDA:14,(anonymous_2)
FNDA:4,(anonymous_3)
FNDA:14,(anonymous_4)
FNDA:1,(anonymous_5)
FNDA:2,(anonymous_6)
DA:11,2
DA:81,21
DA:91,0
DA:92,0
DA:96,14
DA:97,14
DA:98,11
DA:100,11
DA:101,0
DA:103,11
DA:109,4
DA:119,14
DA:120,14
DA:121,14
DA:122,14
DA:133,1
DA:134,1
DA:135,1
DA:136,1
DA:137,1
DA:138,1
DA:139,1
DA:140,0
DA:142,1
DA:144,0
DA:152,2
DA:153,2
DA:154,2
DA:155,2
DA:160,2
LF:30
LH:25
BRDA:82,0,0,20
BRDA:82,0,1,1
BRDA:97,1,0,11
BRDA:97,1,1,3
BRDA:100,2,0,0
BRDA:100,2,1,11
BRDA:119,3,0,0
BRDA:119,3,1,14
BRDA:134,4,0,1
BRDA:134,4,1,0
BRDA:139,5,0,0
BRDA:139,5,1,1
BRDA:139,6,0,1
BRDA:139,6,1,0
BRDA:139,6,2,0
BRDA:139,6,3,0
BRDA:160,7,0,2
BRDA:160,7,1,0
BRF:18
BRH:10
end_of_record
TN:
SF:js/searchfield.js
FN:26,(anonymous_0)
FN:34,(anonymous_1)
FN:37,(anonymous_2)
FN:46,(anonymous_3)
FN:51,(anonymous_4)
FN:56,(anonymous_5)
FNF:6
FNH:6
FNDA:10,(anonymous_0)
FNDA:1,(anonymous_1)
FNDA:3,(anonymous_2)
FNDA:1,(anonymous_3)
FNDA:1,(anonymous_4)
FNDA:1,(anonymous_5)
DA:8,2
DA:27,10
DA:35,1
DA:38,3
DA:39,3
DA:40,2
DA:42,1
DA:47,1
DA:48,1
DA:49,1
DA:52,1
DA:53,1
DA:54,1
DA:57,1
DA:62,2
LF:15
LH:15
BRDA:28,0,0,10
BRDA:28,0,1,0
BRDA:39,1,0,2
BRDA:39,1,1,1
BRDA:62,2,0,2
BRDA:62,2,1,0
BRF:6
BRH:4
end_of_record
TN:
SF:js/selectbox.js
FN:42,(anonymous_0)
FN:57,(anonymous_1)
FN:68,(anonymous_2)
FN:75,(anonymous_3)
FN:83,(anonymous_4)
FN:101,(anonymous_5)
FNF:6
FNH:5
FNDA:5,(anonymous_0)
FNDA:0,(anonymous_1)
FNDA:1,(anonymous_2)
FNDA:2,(anonymous_3)
FNDA:10,(anonymous_4)
FNDA:2,(anonymous_5)
DA:10,1
DA:43,5
DA:58,0
DA:69,1
DA:70,1
DA:71,1
DA:72,1
DA:76,2
DA:77,2
DA:78,0
DA:83,2
DA:84,10
DA:86,2
DA:91,2
DA:92,2
DA:93,2
DA:94,2
DA:102,2
DA:103,0
DA:104,0
DA:106,2
DA:107,2
DA:108,2
DA:110,2
DA:111,2
DA:112,2
DA:113,2
DA:118,1
LF:28
LH:24
BRDA:44,0,0,5
BRDA:44,0,1,0
BRDA:46,1,0,5
BRDA:46,1,1,0
BRDA:47,2,0,5
BRDA:47,2,1,0
BRDA:69,3,0,1
BRDA:69,3,1,0
BRDA:77,4,0,0
BRDA:77,4,1,2
BRDA:102,5,0,0
BRDA:102,5,1,2
BRDA:118,6,0,1
BRDA:118,6,1,0
BRF:14
BRH:7
end_of_record
